{"C:\\Users\\user\\Desktop\\redux-starter\\src\\math.js": {"path":"C:\\Users\\user\\Desktop\\redux-starter\\src\\math.js","statementMap":{"0":{"start":{"line":1,"column":22},"end":{"line":1,"column":48}},"1":{"start":{"line":1,"column":32},"end":{"line":1,"column":48}}},"fnMap":{"0":{"name":"(anonymous_0)","decl":{"start":{"line":1,"column":22},"end":{"line":1,"column":23}},"loc":{"start":{"line":1,"column":32},"end":{"line":1,"column":48}},"line":1}},"branchMap":{},"s":{"0":1,"1":2},"f":{"0":2},"b":{},"_coverageSchema":"1a1c01bbd47fc00a2c39e90264f33305004495a9","hash":"4316f67b71eecda05b54d5daa8a0894c7cfbd4d5"}
,"C:\\Users\\user\\Desktop\\redux-starter\\src\\store\\api.js": {"path":"C:\\Users\\user\\Desktop\\redux-starter\\src\\store\\api.js","statementMap":{"0":{"start":{"line":3,"column":28},"end":{"line":3,"column":57}},"1":{"start":{"line":4,"column":30},"end":{"line":4,"column":61}},"2":{"start":{"line":5,"column":29},"end":{"line":5,"column":59}}},"fnMap":{},"branchMap":{},"s":{"0":1,"1":1,"2":1},"f":{},"b":{},"_coverageSchema":"1a1c01bbd47fc00a2c39e90264f33305004495a9","hash":"a7ec638aafd572bdecbe9caea7e4e2042e31d2d5"}
,"C:\\Users\\user\\Desktop\\redux-starter\\src\\store\\bugs.js": {"path":"C:\\Users\\user\\Desktop\\redux-starter\\src\\store\\bugs.js","statementMap":{"0":{"start":{"line":7,"column":14},"end":{"line":41,"column":2}},"1":{"start":{"line":16,"column":3},"end":{"line":16,"column":23}},"2":{"start":{"line":19,"column":3},"end":{"line":19,"column":30}},"3":{"start":{"line":20,"column":3},"end":{"line":20,"column":24}},"4":{"start":{"line":21,"column":3},"end":{"line":21,"column":31}},"5":{"start":{"line":24,"column":3},"end":{"line":24,"column":24}},"6":{"start":{"line":29,"column":3},"end":{"line":29,"column":34}},"7":{"start":{"line":32,"column":17},"end":{"line":32,"column":73}},"8":{"start":{"line":32,"column":44},"end":{"line":32,"column":72}},"9":{"start":{"line":33,"column":3},"end":{"line":33,"column":36}},"10":{"start":{"line":36,"column":33},"end":{"line":36,"column":47}},"11":{"start":{"line":37,"column":17},"end":{"line":37,"column":61}},"12":{"start":{"line":37,"column":44},"end":{"line":37,"column":60}},"13":{"start":{"line":38,"column":3},"end":{"line":38,"column":36}},"14":{"start":{"line":50,"column":4},"end":{"line":50,"column":17}},"15":{"start":{"line":54,"column":12},"end":{"line":54,"column":19}},"16":{"start":{"line":57,"column":24},"end":{"line":71,"column":1}},"17":{"start":{"line":57,"column":30},"end":{"line":71,"column":1}},"18":{"start":{"line":58,"column":23},"end":{"line":58,"column":47}},"19":{"start":{"line":60,"column":23},"end":{"line":60,"column":66}},"20":{"start":{"line":61,"column":1},"end":{"line":61,"column":32}},"21":{"start":{"line":61,"column":25},"end":{"line":61,"column":32}},"22":{"start":{"line":63,"column":1},"end":{"line":70,"column":3}},"23":{"start":{"line":77,"column":22},"end":{"line":83,"column":3}},"24":{"start":{"line":78,"column":1},"end":{"line":83,"column":3}},"25":{"start":{"line":85,"column":26},"end":{"line":91,"column":3}},"26":{"start":{"line":86,"column":1},"end":{"line":91,"column":3}},"27":{"start":{"line":93,"column":31},"end":{"line":99,"column":3}},"28":{"start":{"line":94,"column":1},"end":{"line":99,"column":3}},"29":{"start":{"line":102,"column":33},"end":{"line":106,"column":1}},"30":{"start":{"line":103,"column":10},"end":{"line":103,"column":29}},"31":{"start":{"line":104,"column":10},"end":{"line":104,"column":33}},"32":{"start":{"line":105,"column":21},"end":{"line":105,"column":54}},"33":{"start":{"line":105,"column":40},"end":{"line":105,"column":53}},"34":{"start":{"line":108,"column":29},"end":{"line":112,"column":2}},"35":{"start":{"line":109,"column":1},"end":{"line":112,"column":2}},"36":{"start":{"line":110,"column":11},"end":{"line":110,"column":30}},"37":{"start":{"line":111,"column":10},"end":{"line":111,"column":51}},"38":{"start":{"line":111,"column":29},"end":{"line":111,"column":50}}},"fnMap":{"0":{"name":"(anonymous_0)","decl":{"start":{"line":15,"column":17},"end":{"line":15,"column":18}},"loc":{"start":{"line":15,"column":35},"end":{"line":17,"column":3}},"line":15},"1":{"name":"(anonymous_1)","decl":{"start":{"line":18,"column":16},"end":{"line":18,"column":17}},"loc":{"start":{"line":18,"column":34},"end":{"line":22,"column":3}},"line":18},"2":{"name":"(anonymous_2)","decl":{"start":{"line":23,"column":21},"end":{"line":23,"column":22}},"loc":{"start":{"line":23,"column":39},"end":{"line":25,"column":3}},"line":23},"3":{"name":"(anonymous_3)","decl":{"start":{"line":28,"column":12},"end":{"line":28,"column":13}},"loc":{"start":{"line":28,"column":30},"end":{"line":30,"column":3}},"line":28},"4":{"name":"(anonymous_4)","decl":{"start":{"line":31,"column":15},"end":{"line":31,"column":16}},"loc":{"start":{"line":31,"column":33},"end":{"line":34,"column":3}},"line":31},"5":{"name":"(anonymous_5)","decl":{"start":{"line":32,"column":37},"end":{"line":32,"column":38}},"loc":{"start":{"line":32,"column":44},"end":{"line":32,"column":72}},"line":32},"6":{"name":"(anonymous_6)","decl":{"start":{"line":35,"column":21},"end":{"line":35,"column":22}},"loc":{"start":{"line":35,"column":39},"end":{"line":39,"column":3}},"line":35},"7":{"name":"(anonymous_7)","decl":{"start":{"line":37,"column":37},"end":{"line":37,"column":38}},"loc":{"start":{"line":37,"column":44},"end":{"line":37,"column":60}},"line":37},"8":{"name":"(anonymous_8)","decl":{"start":{"line":57,"column":24},"end":{"line":57,"column":25}},"loc":{"start":{"line":57,"column":30},"end":{"line":71,"column":1}},"line":57},"9":{"name":"(anonymous_9)","decl":{"start":{"line":57,"column":30},"end":{"line":57,"column":31}},"loc":{"start":{"line":57,"column":54},"end":{"line":71,"column":1}},"line":57},"10":{"name":"(anonymous_10)","decl":{"start":{"line":77,"column":22},"end":{"line":77,"column":23}},"loc":{"start":{"line":78,"column":1},"end":{"line":83,"column":3}},"line":78},"11":{"name":"(anonymous_11)","decl":{"start":{"line":85,"column":26},"end":{"line":85,"column":27}},"loc":{"start":{"line":86,"column":1},"end":{"line":91,"column":3}},"line":86},"12":{"name":"(anonymous_12)","decl":{"start":{"line":93,"column":31},"end":{"line":93,"column":32}},"loc":{"start":{"line":94,"column":1},"end":{"line":99,"column":3}},"line":94},"13":{"name":"(anonymous_13)","decl":{"start":{"line":103,"column":1},"end":{"line":103,"column":2}},"loc":{"start":{"line":103,"column":10},"end":{"line":103,"column":29}},"line":103},"14":{"name":"(anonymous_14)","decl":{"start":{"line":104,"column":1},"end":{"line":104,"column":2}},"loc":{"start":{"line":104,"column":10},"end":{"line":104,"column":33}},"line":104},"15":{"name":"(anonymous_15)","decl":{"start":{"line":105,"column":1},"end":{"line":105,"column":2}},"loc":{"start":{"line":105,"column":21},"end":{"line":105,"column":54}},"line":105},"16":{"name":"(anonymous_16)","decl":{"start":{"line":105,"column":33},"end":{"line":105,"column":34}},"loc":{"start":{"line":105,"column":40},"end":{"line":105,"column":53}},"line":105},"17":{"name":"(anonymous_17)","decl":{"start":{"line":108,"column":29},"end":{"line":108,"column":30}},"loc":{"start":{"line":109,"column":1},"end":{"line":112,"column":2}},"line":109},"18":{"name":"(anonymous_18)","decl":{"start":{"line":110,"column":2},"end":{"line":110,"column":3}},"loc":{"start":{"line":110,"column":11},"end":{"line":110,"column":30}},"line":110},"19":{"name":"(anonymous_19)","decl":{"start":{"line":111,"column":2},"end":{"line":111,"column":3}},"loc":{"start":{"line":111,"column":10},"end":{"line":111,"column":51}},"line":111},"20":{"name":"(anonymous_20)","decl":{"start":{"line":111,"column":22},"end":{"line":111,"column":23}},"loc":{"start":{"line":111,"column":29},"end":{"line":111,"column":50}},"line":111}},"branchMap":{"0":{"loc":{"start":{"line":61,"column":1},"end":{"line":61,"column":32}},"type":"if","locations":[{"start":{"line":61,"column":1},"end":{"line":61,"column":32}},{"start":{"line":61,"column":1},"end":{"line":61,"column":32}}],"line":61}},"s":{"0":1,"1":0,"2":0,"3":0,"4":0,"5":0,"6":1,"7":0,"8":0,"9":0,"10":0,"11":0,"12":0,"13":0,"14":1,"15":1,"16":1,"17":0,"18":0,"19":0,"20":0,"21":0,"22":0,"23":1,"24":2,"25":1,"26":0,"27":1,"28":0,"29":1,"30":0,"31":0,"32":0,"33":0,"34":1,"35":0,"36":0,"37":0,"38":0},"f":{"0":0,"1":0,"2":0,"3":1,"4":0,"5":0,"6":0,"7":0,"8":0,"9":0,"10":2,"11":0,"12":0,"13":0,"14":0,"15":0,"16":0,"17":0,"18":0,"19":0,"20":0},"b":{"0":[0,0]},"_coverageSchema":"1a1c01bbd47fc00a2c39e90264f33305004495a9","hash":"df9ece9036bd5760cd9f0d03febccdaf5c7d56d8"}
,"C:\\Users\\user\\Desktop\\redux-starter\\src\\store\\configureStore.js": {"path":"C:\\Users\\user\\Desktop\\redux-starter\\src\\store\\configureStore.js","statementMap":{"0":{"start":{"line":8,"column":1},"end":{"line":16,"column":4}}},"fnMap":{"0":{"name":"(anonymous_0)","decl":{"start":{"line":7,"column":15},"end":{"line":7,"column":16}},"loc":{"start":{"line":7,"column":26},"end":{"line":17,"column":1}},"line":7}},"branchMap":{},"s":{"0":2},"f":{"0":2},"b":{},"_coverageSchema":"1a1c01bbd47fc00a2c39e90264f33305004495a9","hash":"a19fb09ba48e93877214ac3e5e548213c24fd0fc"}
,"C:\\Users\\user\\Desktop\\redux-starter\\src\\store\\entities.js": {"path":"C:\\Users\\user\\Desktop\\redux-starter\\src\\store\\entities.js","statementMap":{},"fnMap":{},"branchMap":{},"s":{},"f":{},"b":{},"_coverageSchema":"1a1c01bbd47fc00a2c39e90264f33305004495a9","hash":"1b13fb1276d474fbd0a9e4faf0a0cb7769bdb23a"}
,"C:\\Users\\user\\Desktop\\redux-starter\\src\\store\\projects.js": {"path":"C:\\Users\\user\\Desktop\\redux-starter\\src\\store\\projects.js","statementMap":{"0":{"start":{"line":3,"column":13},"end":{"line":3,"column":14}},"1":{"start":{"line":5,"column":14},"end":{"line":17,"column":2}},"2":{"start":{"line":11,"column":3},"end":{"line":14,"column":6}},"3":{"start":{"line":19,"column":32},"end":{"line":19,"column":45}}},"fnMap":{"0":{"name":"(anonymous_0)","decl":{"start":{"line":10,"column":16},"end":{"line":10,"column":17}},"loc":{"start":{"line":10,"column":38},"end":{"line":15,"column":3}},"line":10}},"branchMap":{},"s":{"0":1,"1":1,"2":0,"3":1},"f":{"0":0},"b":{},"_coverageSchema":"1a1c01bbd47fc00a2c39e90264f33305004495a9","hash":"a9eaeb4be9310fc105f0ffcf4ec904eb6f7dd497"}
,"C:\\Users\\user\\Desktop\\redux-starter\\src\\store\\reducer.js": {"path":"C:\\Users\\user\\Desktop\\redux-starter\\src\\store\\reducer.js","statementMap":{},"fnMap":{},"branchMap":{},"s":{},"f":{},"b":{},"_coverageSchema":"1a1c01bbd47fc00a2c39e90264f33305004495a9","hash":"d9e8a000551c63441250df96627a178c770ea2f7"}
,"C:\\Users\\user\\Desktop\\redux-starter\\src\\store\\users.js": {"path":"C:\\Users\\user\\Desktop\\redux-starter\\src\\store\\users.js","statementMap":{"0":{"start":{"line":3,"column":13},"end":{"line":3,"column":14}},"1":{"start":{"line":5,"column":14},"end":{"line":17,"column":2}},"2":{"start":{"line":11,"column":3},"end":{"line":14,"column":6}},"3":{"start":{"line":19,"column":29},"end":{"line":19,"column":42}}},"fnMap":{"0":{"name":"(anonymous_0)","decl":{"start":{"line":10,"column":13},"end":{"line":10,"column":14}},"loc":{"start":{"line":10,"column":32},"end":{"line":15,"column":3}},"line":10}},"branchMap":{},"s":{"0":1,"1":1,"2":0,"3":1},"f":{"0":0},"b":{},"_coverageSchema":"1a1c01bbd47fc00a2c39e90264f33305004495a9","hash":"d954c7f77647bf18088397f266ea6b138bc35745"}
,"C:\\Users\\user\\Desktop\\redux-starter\\src\\store\\middleware\\api.js": {"path":"C:\\Users\\user\\Desktop\\redux-starter\\src\\store\\middleware\\api.js","statementMap":{"0":{"start":{"line":4,"column":12},"end":{"line":30,"column":1}},"1":{"start":{"line":4,"column":30},"end":{"line":30,"column":1}},"2":{"start":{"line":4,"column":38},"end":{"line":30,"column":1}},"3":{"start":{"line":5,"column":1},"end":{"line":5,"column":68}},"4":{"start":{"line":5,"column":48},"end":{"line":5,"column":68}},"5":{"start":{"line":7,"column":60},"end":{"line":7,"column":74}},"6":{"start":{"line":9,"column":1},"end":{"line":9,"column":42}},"7":{"start":{"line":9,"column":14},"end":{"line":9,"column":42}},"8":{"start":{"line":11,"column":1},"end":{"line":11,"column":14}},"9":{"start":{"line":13,"column":1},"end":{"line":29,"column":2}},"10":{"start":{"line":14,"column":19},"end":{"line":19,"column":4}},"11":{"start":{"line":21,"column":2},"end":{"line":21,"column":50}},"12":{"start":{"line":23,"column":2},"end":{"line":23,"column":71}},"13":{"start":{"line":23,"column":17},"end":{"line":23,"column":71}},"14":{"start":{"line":26,"column":2},"end":{"line":26,"column":49}},"15":{"start":{"line":28,"column":2},"end":{"line":28,"column":67}},"16":{"start":{"line":28,"column":15},"end":{"line":28,"column":67}}},"fnMap":{"0":{"name":"(anonymous_0)","decl":{"start":{"line":4,"column":12},"end":{"line":4,"column":13}},"loc":{"start":{"line":4,"column":30},"end":{"line":30,"column":1}},"line":4},"1":{"name":"(anonymous_1)","decl":{"start":{"line":4,"column":30},"end":{"line":4,"column":31}},"loc":{"start":{"line":4,"column":38},"end":{"line":30,"column":1}},"line":4},"2":{"name":"(anonymous_2)","decl":{"start":{"line":4,"column":38},"end":{"line":4,"column":39}},"loc":{"start":{"line":4,"column":54},"end":{"line":30,"column":1}},"line":4}},"branchMap":{"0":{"loc":{"start":{"line":5,"column":1},"end":{"line":5,"column":68}},"type":"if","locations":[{"start":{"line":5,"column":1},"end":{"line":5,"column":68}},{"start":{"line":5,"column":1},"end":{"line":5,"column":68}}],"line":5},"1":{"loc":{"start":{"line":9,"column":1},"end":{"line":9,"column":42}},"type":"if","locations":[{"start":{"line":9,"column":1},"end":{"line":9,"column":42}},{"start":{"line":9,"column":1},"end":{"line":9,"column":42}}],"line":9},"2":{"loc":{"start":{"line":23,"column":2},"end":{"line":23,"column":71}},"type":"if","locations":[{"start":{"line":23,"column":2},"end":{"line":23,"column":71}},{"start":{"line":23,"column":2},"end":{"line":23,"column":71}}],"line":23},"3":{"loc":{"start":{"line":28,"column":2},"end":{"line":28,"column":67}},"type":"if","locations":[{"start":{"line":28,"column":2},"end":{"line":28,"column":67}},{"start":{"line":28,"column":2},"end":{"line":28,"column":67}}],"line":28}},"s":{"0":1,"1":2,"2":2,"3":5,"4":3,"5":2,"6":2,"7":0,"8":2,"9":2,"10":2,"11":1,"12":1,"13":1,"14":1,"15":1,"16":0},"f":{"0":2,"1":2,"2":5},"b":{"0":[3,2],"1":[0,2],"2":[1,0],"3":[0,1]},"_coverageSchema":"1a1c01bbd47fc00a2c39e90264f33305004495a9","hash":"b0b8ee88de58506adf06daa0257e2c62adec4737"}
,"C:\\Users\\user\\Desktop\\redux-starter\\src\\store\\middleware\\logger.js": {"path":"C:\\Users\\user\\Desktop\\redux-starter\\src\\store\\middleware\\logger.js","statementMap":{"0":{"start":{"line":1,"column":15},"end":{"line":5,"column":1}},"1":{"start":{"line":1,"column":24},"end":{"line":5,"column":1}},"2":{"start":{"line":1,"column":33},"end":{"line":5,"column":1}},"3":{"start":{"line":1,"column":41},"end":{"line":5,"column":1}},"4":{"start":{"line":2,"column":1},"end":{"line":2,"column":31}},"5":{"start":{"line":3,"column":1},"end":{"line":3,"column":21}}},"fnMap":{"0":{"name":"(anonymous_0)","decl":{"start":{"line":1,"column":15},"end":{"line":1,"column":16}},"loc":{"start":{"line":1,"column":24},"end":{"line":5,"column":1}},"line":1},"1":{"name":"(anonymous_1)","decl":{"start":{"line":1,"column":24},"end":{"line":1,"column":25}},"loc":{"start":{"line":1,"column":33},"end":{"line":5,"column":1}},"line":1},"2":{"name":"(anonymous_2)","decl":{"start":{"line":1,"column":33},"end":{"line":1,"column":34}},"loc":{"start":{"line":1,"column":41},"end":{"line":5,"column":1}},"line":1},"3":{"name":"(anonymous_3)","decl":{"start":{"line":1,"column":41},"end":{"line":1,"column":42}},"loc":{"start":{"line":1,"column":51},"end":{"line":5,"column":1}},"line":1}},"branchMap":{},"s":{"0":1,"1":2,"2":2,"3":2,"4":5,"5":5},"f":{"0":2,"1":2,"2":2,"3":5},"b":{},"_coverageSchema":"1a1c01bbd47fc00a2c39e90264f33305004495a9","hash":"fe7ef27f2c5bfa0c3cb48adcadee9e89e3130877"}
,"C:\\Users\\user\\Desktop\\redux-starter\\src\\store\\middleware\\toast.js": {"path":"C:\\Users\\user\\Desktop\\redux-starter\\src\\store\\middleware\\toast.js","statementMap":{"0":{"start":{"line":1,"column":14},"end":{"line":4,"column":1}},"1":{"start":{"line":1,"column":23},"end":{"line":4,"column":1}},"2":{"start":{"line":1,"column":31},"end":{"line":4,"column":1}},"3":{"start":{"line":2,"column":1},"end":{"line":3,"column":26}},"4":{"start":{"line":2,"column":30},"end":{"line":2,"column":78}},"5":{"start":{"line":3,"column":6},"end":{"line":3,"column":26}}},"fnMap":{"0":{"name":"(anonymous_0)","decl":{"start":{"line":1,"column":14},"end":{"line":1,"column":15}},"loc":{"start":{"line":1,"column":23},"end":{"line":4,"column":1}},"line":1},"1":{"name":"(anonymous_1)","decl":{"start":{"line":1,"column":23},"end":{"line":1,"column":24}},"loc":{"start":{"line":1,"column":31},"end":{"line":4,"column":1}},"line":1},"2":{"name":"(anonymous_2)","decl":{"start":{"line":1,"column":31},"end":{"line":1,"column":32}},"loc":{"start":{"line":1,"column":41},"end":{"line":4,"column":1}},"line":1}},"branchMap":{"0":{"loc":{"start":{"line":2,"column":1},"end":{"line":3,"column":26}},"type":"if","locations":[{"start":{"line":2,"column":1},"end":{"line":3,"column":26}},{"start":{"line":2,"column":1},"end":{"line":3,"column":26}}],"line":2}},"s":{"0":1,"1":2,"2":2,"3":5,"4":0,"5":5},"f":{"0":2,"1":2,"2":5},"b":{"0":[0,5]},"_coverageSchema":"1a1c01bbd47fc00a2c39e90264f33305004495a9","hash":"b24460add1a46f8f6738533de4ed4e276d18910c"}
}
